230306 SC/ALL[NONE][CPC] SCAR02/WebContent/css/style.css
230306 SC/ALL[O][CPC] SCAR02/WebContent/css/style.css
test
230306 SC/ALL[O][\src\com\scar\dm\cpc] D:\MY_WKS\SCAR02\src\com\scar\dm\cpc\CpcController.java
230307 AI/ALL[NONENONENONENONENONE][\src\com\autoinside\rtc\service\sc] D:\MY_WKS\AhRtc\src\com\autoinside\rtc\service\sc\RtcScDao.xml
230307 AI/ALL[OOOOO][\src\com\autoinside\rtc\service\sc] D:\MY_WKS\AhRtc\src\com\autoinside\rtc\service\sc\RtcScDao.xml
230307 AI/ALL[OOOOO][\WebContent\WEB-INF\view\sc] D:\MY_WKS\AhRtc\WebContent\WEB-INF\view\sc\sc_view.jsp
230307 AI/ALL[OOOOO][\WebContent\WEB-INF\view\sc] D:\MY_WKS\AhRtc\WebContent\WEB-INF\view\sc\sc_view.jsp
230307 AI/ALL[OOOOO][\src\com\autoinside\rtc\service\scr] D:\MY_WKS\AhRtc\src\com\autoinside\rtc\service\scr\RtcScrDao.xml
230307 AI/ALL[OOOOO][\src\com\autoinside\rtc\service\sc] D:\MY_WKS\AhRtc\src\com\autoinside\rtc\service\sc\RtcScDao.xml
230307 AI/ALL[OOOOO][\WebContent\WEB-INF\view\sc] D:\MY_WKS\AhRtc\WebContent\WEB-INF\view\sc\sc_list.jsp
230307 AI/ALL[OOOOO][\WebContent\WEB-INF\view\sc] D:\MY_WKS\AhRtc\WebContent\WEB-INF\view\sc\sc_view.jsp
230307 AI/ALL[OOOOO][\WebContent\WEB-INF\view\scr] D:\MY_WKS\AhRtc\WebContent\WEB-INF\view\scr\scr_list.jsp
230307 AI/ALL[OOOOO][\WebContent\WEB-INF\view\buy] D:\MY_WKS\AhRtc\WebContent\WEB-INF\view\buy\buy_view_mobile.jsp
230308 AI/ALL[NONENONENONENONENONE][\WebContent\WEB-INF\view\board\ci] D:\MY_WKS\AiNf\WebContent\WEB-INF\view\board\ci\board_ci_exhibition_view.jsp
230308 AI/ALL[OOOOO][\WebContent\WEB-INF\view\board\ci] D:\MY_WKS\AiNf\WebContent\WEB-INF\view\board\ci\board_ci_exhibition_view.jsp
230308 AI/ALL[OOOOO][\WebContent\WEB-INF\view\board\ci] D:\MY_WKS\AiNf\WebContent\WEB-INF\view\board\ci\board_ci_exhibition_view.jsp
230308 AI/ALL[OOOOO][\WebContent\WEB-INF\view\board\ci] D:\MY_WKS\AiNf\WebContent\WEB-INF\view\board\ci\board_ci_exhibition_view.jsp
230308 AI/ALL[OOOOO][\WebContent\WEB-INF\view\board\ci] D:\MY_WKS\AiNf\WebContent\WEB-INF\view\board\ci\board_ci_exhibition_view.jsp
230308 AI/STG[OO][\WebContent\WEB-INF\view\board\ci] D:\MY_WKS\AiNf\WebContent\WEB-INF\view\board\ci\board_ci_exhibition_view.jsp
230308 AI/STG[OO][\WebContent\WEB-INF\view\board\ci] D:\MY_WKS\AiNf\WebContent\WEB-INF\view\board\ci\board_ci_exhibition_view.jsp
230308 AI/ALL[OOOOO][\WebContent\WEB-INF\view\board\ci] D:\MY_WKS\AiNf\WebContent\WEB-INF\view\board\ci\board_ci_exhibition_view.jsp
230308 AI/STG[OO][\WebContent\WEB-INF\view\board\ci] D:\MY_WKS\AiNf\WebContent\WEB-INF\view\board\ci\board_ci_exhibition_view.jsp
230308 AI/STG[OO][\WebContent\WEB-INF\view\board\ci] D:\MY_WKS\AiNf\WebContent\WEB-INF\view\board\ci\board_ci_exhibition_view.jsp
230308 AI/STG[OO][\WebContent\WEB-INF\view\board\ci] D:\MY_WKS\AiNf\WebContent\WEB-INF\view\board\ci\board_ci_exhibition_view.jsp
230308 AI/STG[OO][\WebContent\WEB-INF\view\board\ci] D:\MY_WKS\AiNf\WebContent\WEB-INF\view\board\ci\board_ci_exhibition_view.jsp
230308 AI/STG[OO][\WebContent\WEB-INF\view\board\ci] D:\MY_WKS\AiNf\WebContent\WEB-INF\view\board\ci\board_ci_exhibition_view.jsp
230308 AI/STG[OO][\WebContent\WEB-INF\view\board\ci] D:\MY_WKS\AiNf\WebContent\WEB-INF\view\board\ci\board_ci_exhibition_view.jsp
230308 AI/STG[OO][\WebContent\WEB-INF\view\board\ci] D:\MY_WKS\AiNf\WebContent\WEB-INF\view\board\ci\board_ci_exhibition_view.jsp
230308 AI/STG[OO][\WebContent\WEB-INF\view\board\ci] D:\MY_WKS\AiNf\WebContent\WEB-INF\view\board\ci\board_ci_exhibition_view.jsp
230308 AI/STG[OO][\WebContent\WEB-INF\view\board\ci] D:\MY_WKS\AiNf\WebContent\WEB-INF\view\board\ci\board_ci_exhibition_view.jsp
230308 AI/STG[OO][\WebContent\WEB-INF\view\board\ci] D:\MY_WKS\AiNf\WebContent\WEB-INF\view\board\ci\board_ci_exhibition_view.jsp
230308 AI/STG[OO][\WebContent\WEB-INF\view\board\ci] D:\MY_WKS\AiNf\WebContent\WEB-INF\view\board\ci\board_ci_exhibition_view.jsp
230308 AI/STG[OO][\WebContent\WEB-INF\view\board\ci] D:\MY_WKS\AiNf\WebContent\WEB-INF\view\board\ci\board_ci_exhibition_view.jsp
230308 AI/STG[OO][\WebContent\WEB-INF\view\board\ci] D:\MY_WKS\AiNf\WebContent\WEB-INF\view\board\ci\board_ci_exhibition_view.jsp
230308 AI/STG[OO][\WebContent\WEB-INF\view\board\ci] D:\MY_WKS\AiNf\WebContent\WEB-INF\view\board\ci\board_ci_exhibition_view.jsp
230308 AI/STG[OO][\WebContent\WEB-INF\view\board\ci] D:\MY_WKS\AiNf\WebContent\WEB-INF\view\board\ci\board_ci_exhibition_view.jsp
230308 AI/STG[OO][\WebContent\WEB-INF\view\board\ci] D:\MY_WKS\AiNf\WebContent\WEB-INF\view\board\ci\board_ci_exhibition_view.jsp
230308 AI/STG[OO][\WebContent\WEB-INF\view\board\ci] D:\MY_WKS\AiNf\WebContent\WEB-INF\view\board\ci\board_ci_exhibition_view.jsp
230308 AI/STG[OO][\WebContent\WEB-INF\view\board\ci] D:\MY_WKS\AiNf\WebContent\WEB-INF\view\board\ci\board_ci_exhibition_view.jsp
230308 AI/STG[OO][\WebContent\WEB-INF\view\board\ci] D:\MY_WKS\AiNf\WebContent\WEB-INF\view\board\ci\board_ci_exhibition_view.jsp
230308 AI/STG[OO][\WebContent\WEB-INF\view\board\ci] D:\MY_WKS\AiNf\WebContent\WEB-INF\view\board\ci\board_ci_exhibition_view.jsp
230308 AI/STG[OO][\WebContent\WEB-INF\view\board\ci] D:\MY_WKS\AiNf\WebContent\WEB-INF\view\board\ci\board_ci_exhibition_view.jsp
230308 AI/STG[OO][\WebContent\WEB-INF\view\board\ci] D:\MY_WKS\AiNf\WebContent\WEB-INF\view\board\ci\board_ci_exhibition_view.jsp
230308 AI/STG[OO][\WebContent\WEB-INF\view\board\ci] D:\MY_WKS\AiNf\WebContent\WEB-INF\view\board\ci\board_ci_exhibition_view.jsp
230313 AI/ALL[NONENONENONE][\src\com\autoinside\front\service\auc] D:\MY_WKS\AiFnt\src\com\autoinside\front\service\auc\AuctionCarDao.xml
230313 AI/ALL[OOO][\src\com\autoinside\front\service\auc] D:\MY_WKS\AiFnt\src\com\autoinside\front\service\auc\AuctionCarDao.xml
230313 AI/ALL[OOO][\src\com\autoinside\front\controller\auc] D:\MY_WKS\AiFnt\src\com\autoinside\front\controller\auc\AuctionCarController.java
230314 AI/ALL[OOOOO][\WebContent\WEB-INF\view\buy] D:\MY_WKS\AhRtc\WebContent\WEB-INF\view\buy\buy_view_mobile.jsp
230314 AI/ALL[OOOOO][\src\com\autoinside\front\controller\board] D:\MY_WKS\AiNf\src\com\autoinside\front\controller\board\BoardChannelInsideController.java
230314 AI/ALL[OOOOO][\src\com\autoinside\front\service\board] D:\MY_WKS\AiNf\src\com\autoinside\front\service\board\BoardChannelInsideDao.xml
230314 AI/ALL[OOOOO][\WebContent\WEB-INF\view\board\ci] D:\MY_WKS\AiNf\WebContent\WEB-INF\view\board\ci\board_ci_exhibition_view.jsp
230314 AI/ALL[OOOOO][\src\com\autoinside\front\controller\board] D:\MY_WKS\AiNf\src\com\autoinside\front\controller\board\BoardChannelInsideController.java
230314 AI/ALL[OOOOO][\src\com\autoinside\front\controller\board] D:\MY_WKS\AiNf\src\com\autoinside\front\controller\board\BoardChannelInsideController.java
230314 AI/ALL[OOOOO][\src\com\autoinside\front\controller\board] D:\MY_WKS\AiNf\src\com\autoinside\front\controller\board\BoardChannelInsideController.java
230314 AI/ALL[OOOOO][\src\com\autoinside\front\controller\board] D:\MY_WKS\AiNf\src\com\autoinside\front\controller\board\BoardChannelInsideController.java
230314 AI/ALL[OOOOO][\src\com\autoinside\front\controller\board] D:\MY_WKS\AiNf\src\com\autoinside\front\controller\board\BoardChannelInsideController.java
230314 AI/ALL[OOOOO][\WebContent\WEB-INF\view\board\ci] D:\MY_WKS\AiNf\WebContent\WEB-INF\view\board\ci\board_ci_exhibition_view.jsp
230314 AI/ALL[OOOOO][\src\com\autoinside\front\controller\board] D:\MY_WKS\AiNf\src\com\autoinside\front\controller\board\BoardChannelInsideController.java
230314 AI/ALL[OOOOO][\src\com\autoinside\front\controller\board] D:\MY_WKS\AiNf\src\com\autoinside\front\controller\board\BoardChannelInsideController.java
230314 AI/ALL[OOOOO][\src\com\autoinside\front\controller\board] D:\MY_WKS\AiNf\src\com\autoinside\front\controller\board\BoardChannelInsideController.java
230314 AI/STG[OO][\src\com\autoinside\front\controller\board] D:\MY_WKS\AiNf\src\com\autoinside\front\controller\board\BoardChannelInsideController.java
230314 AI/STG[OO][\WebContent\WEB-INF\view\board\ci] D:\MY_WKS\AiNf\WebContent\WEB-INF\view\board\ci\board_ci_exhibition_view.jsp
230314 AI/STG[OO][\WebContent\WEB-INF\view\board\ci] D:\MY_WKS\AiNf\WebContent\WEB-INF\view\board\ci\board_ci_exhibition_view.jsp
230314 AI/STG[OO][\WebContent\WEB-INF\view\board\ci] D:\MY_WKS\AiNf\WebContent\WEB-INF\view\board\ci\board_ci_exhibition_view.jsp
230316 AI/ALL[NONENONENONENONENONE][\src\com\autoinside\rtc\service\scr] D:\MY_WKS\AhRtc\src\com\autoinside\rtc\service\scr\RtcScrDao.xml
230316 AI/ALL[OOOOO][\src\com\autoinside\rtc\service\scr] D:\MY_WKS\AhRtc\src\com\autoinside\rtc\service\scr\RtcScrDao.xml
230316 AI/ALL[OOOOO][\src\com\autoinside\rtc\service\scr] D:\MY_WKS\AhRtc\src\com\autoinside\rtc\service\scr\RtcScrDao.xml
230316 AI/DEV[O][\src\com\autoinside\admin\controller\shcard] D:\MY_WKS\AhRtc\src\com\autoinside\admin\controller\shcard\ShCardCarController.java
230321 AI/ALL[OOO][\src\com\autoinside\admin\controller\entry\ae] D:\MY_WKS\AiMgr\src\com\autoinside\admin\controller\entry\ae\EntryCuvController.java
230321 AI/ALL[OOO][\web\interceptor] D:\MY_WKS\AiMgr\src\com\autoinside\framework\web\interceptor\CmLoginInterceptor.java
230323 AI/DEV[NONE][\WebContent\WEB-INF\view\stk] D:\MY_WKS\AhRtc\WebContent\WEB-INF\view\stk\stk_list.jsp
230323 AI/DEV[NONE][\WebContent\WEB-INF\view\stk] D:\MY_WKS\AhRtc\WebContent\WEB-INF\view\stk\stk_list.jsp
230323 AI/DEV[O][\WebContent\WEB-INF\view\stk] D:\MY_WKS\AhRtc\WebContent\WEB-INF\view\stk\stk_list.jsp
230323 AI/DEV[O][\WebContent\WEB-INF\view\stk] D:\MY_WKS\AhRtc\WebContent\WEB-INF\view\stk\stk_list.jsp
230323 SC/ALL[O][CPC] SCAR02/WebContent/css/style.css
230323 SC/ALL[O][CPC] SCAR02/WebContent/css/style.css
230323 SC/ALL[O][CPC] SCAR02/WebContent/css/style.css
230323 SC/ALL[O][CPC] SCAR02/WebContent/css/style.css
230323 SC/ALL[O][CPC] SCAR02/WebContent/css/style.css
230323 SC/ALL[O][CPC] SCAR02/WebContent/css/style.css
230323 SC/ALL[O][CPC] SCAR02/WebContent/css/style.css
